<?xml version="1.0" encoding="UTF-8"?>
<coverage generated="1783297081267" clover="3.2.0">
  <project timestamp="1783297081267" name="All files">
    <metrics statements="47" coveredstatements="46" conditionals="25" coveredconditionals="21" methods="21" coveredmethods="21" elements="93" coveredelements="88" complexity="0" loc="47" ncloc="47" packages="1" files="2" classes="2"/>
    <file name="schools.ts" path="/Users/apple/Desktop/development/active/hmc-lab/src/lib/schools.ts">
      <metrics statements="37" coveredstatements="36" conditionals="17" coveredconditionals="13" methods="20" coveredmethods="20"/>
      <line num="12" count="1" type="stmt"/>
      <line num="20" count="1" type="stmt"/>
      <line num="28" count="1" type="stmt"/>
      <line num="74" count="1" type="stmt"/>
      <line num="94" count="1" type="stmt"/>
      <line num="103" count="1" type="stmt"/>
      <line num="104" count="1" type="stmt"/>
      <line num="105" count="1" type="stmt"/>
      <line num="106" count="1" type="stmt"/>
      <line num="110" count="7" type="stmt"/>
      <line num="111" count="1" type="stmt"/>
      <line num="112" count="5" type="cond" truecount="3" falsecount="1"/>
      <line num="113" count="0" type="stmt"/>
      <line num="117" count="1" type="stmt"/>
      <line num="118" count="25" type="stmt"/>
      <line num="119" count="5" type="cond" truecount="1" falsecount="1"/>
      <line num="123" count="1" type="stmt"/>
      <line num="124" count="2" type="cond" truecount="2" falsecount="2"/>
      <line num="133" count="33" type="stmt"/>
      <line num="135" count="33" type="stmt"/>
      <line num="137" count="33" type="stmt"/>
      <line num="142" count="5" type="stmt"/>
      <line num="143" count="7" type="cond" truecount="2" falsecount="0"/>
      <line num="144" count="5" type="stmt"/>
      <line num="145" count="32" type="stmt"/>
      <line num="146" count="36" type="cond" truecount="2" falsecount="0"/>
      <line num="147" count="32" type="stmt"/>
      <line num="151" count="10" type="stmt"/>
      <line num="154" count="1" type="stmt"/>
      <line num="159" count="2" type="stmt"/>
      <line num="160" count="4" type="stmt"/>
      <line num="165" count="1" type="stmt"/>
      <line num="166" count="1" type="stmt"/>
      <line num="170" count="7" type="stmt"/>
      <line num="180" count="1" type="stmt"/>
      <line num="183" count="1" type="stmt"/>
      <line num="194" count="2" type="cond" truecount="2" falsecount="0"/>
    </file>
    <file name="subsidy.ts" path="/Users/apple/Desktop/development/active/hmc-lab/src/lib/subsidy.ts">
      <metrics statements="10" coveredstatements="10" conditionals="8" coveredconditionals="8" methods="1" coveredmethods="1"/>
      <line num="8" count="1" type="stmt"/>
      <line num="14" count="1" type="stmt"/>
      <line num="19" count="1" type="stmt"/>
      <line num="35" count="5" type="cond" truecount="4" falsecount="0"/>
      <line num="36" count="3" type="stmt"/>
      <line num="37" count="3" type="stmt"/>
      <line num="38" count="3" type="stmt"/>
      <line num="39" count="3" type="cond" truecount="2" falsecount="0"/>
      <line num="40" count="5" type="cond" truecount="2" falsecount="0"/>
      <line num="45" count="1" type="stmt"/>
    </file>
  </project>
</coverage>
