<?xml version="1.0" encoding="UTF-8"?>
<coverage generated="1783298047021" clover="3.2.0">
  <project timestamp="1783298047021" name="All files">
    <metrics statements="48" coveredstatements="47" conditionals="28" coveredconditionals="24" methods="22" coveredmethods="22" elements="98" coveredelements="93" complexity="0" loc="48" ncloc="48" packages="1" files="2" classes="2"/>
    <file name="schools.ts" path="/Users/apple/Desktop/development/active/hmc-lab/src/lib/schools.ts">
      <metrics statements="38" coveredstatements="37" conditionals="20" coveredconditionals="16" methods="21" coveredmethods="21"/>
      <line num="12" count="1" type="stmt"/>
      <line num="20" count="1" type="stmt"/>
      <line num="28" count="1" type="stmt"/>
      <line num="76" count="7" type="cond" truecount="3" falsecount="0"/>
      <line num="80" count="1" type="stmt"/>
      <line num="100" count="1" type="stmt"/>
      <line num="109" count="1" type="stmt"/>
      <line num="110" count="1" type="stmt"/>
      <line num="111" count="1" type="stmt"/>
      <line num="112" count="1" type="stmt"/>
      <line num="116" count="7" type="stmt"/>
      <line num="117" count="1" type="stmt"/>
      <line num="118" count="5" type="cond" truecount="3" falsecount="1"/>
      <line num="119" count="0" type="stmt"/>
      <line num="123" count="1" type="stmt"/>
      <line num="124" count="25" type="stmt"/>
      <line num="125" count="5" type="cond" truecount="1" falsecount="1"/>
      <line num="129" count="1" type="stmt"/>
      <line num="130" count="2" type="cond" truecount="2" falsecount="2"/>
      <line num="139" count="33" type="stmt"/>
      <line num="141" count="33" type="stmt"/>
      <line num="143" count="33" type="stmt"/>
      <line num="148" count="5" type="stmt"/>
      <line num="149" count="7" type="cond" truecount="2" falsecount="0"/>
      <line num="150" count="5" type="stmt"/>
      <line num="151" count="32" type="stmt"/>
      <line num="152" count="36" type="cond" truecount="2" falsecount="0"/>
      <line num="153" count="32" type="stmt"/>
      <line num="157" count="10" type="stmt"/>
      <line num="160" count="1" type="stmt"/>
      <line num="165" count="2" type="stmt"/>
      <line num="166" count="4" type="stmt"/>
      <line num="171" count="1" type="stmt"/>
      <line num="172" count="1" type="stmt"/>
      <line num="176" count="7" type="stmt"/>
      <line num="186" count="1" type="stmt"/>
      <line num="189" count="1" type="stmt"/>
      <line num="200" count="2" type="cond" truecount="2" falsecount="0"/>
    </file>
    <file name="subsidy.ts" path="/Users/apple/Desktop/development/active/hmc-lab/src/lib/subsidy.ts">
      <metrics statements="10" coveredstatements="10" conditionals="8" coveredconditionals="8" methods="1" coveredmethods="1"/>
      <line num="8" count="1" type="stmt"/>
      <line num="14" count="1" type="stmt"/>
      <line num="19" count="1" type="stmt"/>
      <line num="35" count="5" type="cond" truecount="4" falsecount="0"/>
      <line num="36" count="3" type="stmt"/>
      <line num="37" count="3" type="stmt"/>
      <line num="38" count="3" type="stmt"/>
      <line num="39" count="3" type="cond" truecount="2" falsecount="0"/>
      <line num="40" count="5" type="cond" truecount="2" falsecount="0"/>
      <line num="45" count="1" type="stmt"/>
    </file>
  </project>
</coverage>
