{"/Users/apple/Desktop/development/active/hmc-lab/src/lib/schools.ts": {"path":"/Users/apple/Desktop/development/active/hmc-lab/src/lib/schools.ts","statementMap":{"0":{"start":{"line":12,"column":18},"end":{"line":18,"column":null}},"1":{"start":{"line":20,"column":14},"end":{"line":26,"column":null}},"2":{"start":{"line":28,"column":15},"end":{"line":78,"column":null}},"3":{"start":{"line":76,"column":17},"end":{"line":76,"column":82}},"4":{"start":{"line":80,"column":16},"end":{"line":98,"column":null}},"5":{"start":{"line":100,"column":15},"end":{"line":107,"column":null}},"6":{"start":{"line":109,"column":21},"end":{"line":109,"column":null}},"7":{"start":{"line":110,"column":23},"end":{"line":110,"column":null}},"8":{"start":{"line":111,"column":24},"end":{"line":111,"column":null}},"9":{"start":{"line":112,"column":23},"end":{"line":112,"column":null}},"10":{"start":{"line":116,"column":14},"end":{"line":116,"column":null}},"11":{"start":{"line":116,"column":41},"end":{"line":116,"column":45}},"12":{"start":{"line":117,"column":2},"end":{"line":121,"column":null}},"13":{"start":{"line":118,"column":4},"end":{"line":120,"column":null}},"14":{"start":{"line":119,"column":6},"end":{"line":119,"column":null}},"15":{"start":{"line":123,"column":2},"end":{"line":126,"column":null}},"16":{"start":{"line":124,"column":16},"end":{"line":124,"column":null}},"17":{"start":{"line":124,"column":60},"end":{"line":124,"column":67}},"18":{"start":{"line":125,"column":4},"end":{"line":125,"column":null}},"19":{"start":{"line":125,"column":34},"end":{"line":125,"column":null}},"20":{"start":{"line":129,"column":2},"end":{"line":131,"column":null}},"21":{"start":{"line":130,"column":4},"end":{"line":130,"column":null}},"22":{"start":{"line":130,"column":44},"end":{"line":130,"column":null}},"23":{"start":{"line":139,"column":12},"end":{"line":139,"column":null}},"24":{"start":{"line":141,"column":4},"end":{"line":142,"column":null}},"25":{"start":{"line":143,"column":2},"end":{"line":143,"column":null}},"26":{"start":{"line":148,"column":13},"end":{"line":148,"column":null}},"27":{"start":{"line":149,"column":2},"end":{"line":149,"column":null}},"28":{"start":{"line":149,"column":26},"end":{"line":149,"column":null}},"29":{"start":{"line":149,"column":52},"end":{"line":149,"column":77}},"30":{"start":{"line":150,"column":2},"end":{"line":153,"column":null}},"31":{"start":{"line":151,"column":22},"end":{"line":151,"column":69}},"32":{"start":{"line":152,"column":20},"end":{"line":152,"column":79}},"33":{"start":{"line":153,"column":20},"end":{"line":153,"column":42}},"34":{"start":{"line":157,"column":2},"end":{"line":157,"column":null}},"35":{"start":{"line":157,"column":30},"end":{"line":157,"column":45}},"36":{"start":{"line":160,"column":2},"end":{"line":160,"column":null}},"37":{"start":{"line":160,"column":29},"end":{"line":160,"column":40}},"38":{"start":{"line":165,"column":12},"end":{"line":165,"column":null}},"39":{"start":{"line":166,"column":2},"end":{"line":166,"column":null}},"40":{"start":{"line":166,"column":31},"end":{"line":166,"column":47}},"41":{"start":{"line":166,"column":64},"end":{"line":166,"column":92}},"42":{"start":{"line":171,"column":17},"end":{"line":171,"column":null}},"43":{"start":{"line":172,"column":2},"end":{"line":182,"column":null}},"44":{"start":{"line":176,"column":40},"end":{"line":181,"column":6}},"45":{"start":{"line":186,"column":2},"end":{"line":195,"column":null}},"46":{"start":{"line":189,"column":43},"end":{"line":194,"column":6}},"47":{"start":{"line":200,"column":2},"end":{"line":200,"column":null}}},"fnMap":{"0":{"name":"(anonymous_0)","decl":{"start":{"line":76,"column":10},"end":{"line":76,"column":11}},"loc":{"start":{"line":76,"column":17},"end":{"line":76,"column":82}},"line":76},"1":{"name":"(anonymous_1)","decl":{"start":{"line":116,"column":34},"end":{"line":116,"column":35}},"loc":{"start":{"line":116,"column":41},"end":{"line":116,"column":45}},"line":116},"2":{"name":"(anonymous_2)","decl":{"start":{"line":124,"column":50},"end":{"line":124,"column":51}},"loc":{"start":{"line":124,"column":60},"end":{"line":124,"column":67}},"line":124},"3":{"name":"editorialScore","decl":{"start":{"line":138,"column":16},"end":{"line":138,"column":31}},"loc":{"start":{"line":138,"column":66},"end":{"line":144,"column":null}},"line":138},"4":{"name":"rankedSchools","decl":{"start":{"line":147,"column":16},"end":{"line":147,"column":30}},"loc":{"start":{"line":147,"column":97},"end":{"line":154,"column":null}},"line":147},"5":{"name":"(anonymous_5)","decl":{"start":{"line":149,"column":45},"end":{"line":149,"column":46}},"loc":{"start":{"line":149,"column":52},"end":{"line":149,"column":77}},"line":149},"6":{"name":"(anonymous_6)","decl":{"start":{"line":151,"column":9},"end":{"line":151,"column":10}},"loc":{"start":{"line":151,"column":22},"end":{"line":151,"column":69}},"line":151},"7":{"name":"(anonymous_7)","decl":{"start":{"line":152,"column":10},"end":{"line":152,"column":11}},"loc":{"start":{"line":152,"column":20},"end":{"line":152,"column":79}},"line":152},"8":{"name":"(anonymous_8)","decl":{"start":{"line":153,"column":9},"end":{"line":153,"column":10}},"loc":{"start":{"line":153,"column":20},"end":{"line":153,"column":42}},"line":153},"9":{"name":"segmentBySlug","decl":{"start":{"line":156,"column":16},"end":{"line":156,"column":30}},"loc":{"start":{"line":156,"column":66},"end":{"line":158,"column":null}},"line":156},"10":{"name":"(anonymous_10)","decl":{"start":{"line":157,"column":23},"end":{"line":157,"column":24}},"loc":{"start":{"line":157,"column":30},"end":{"line":157,"column":45}},"line":157},"11":{"name":"schoolById","decl":{"start":{"line":159,"column":16},"end":{"line":159,"column":27}},"loc":{"start":{"line":159,"column":60},"end":{"line":161,"column":null}},"line":159},"12":{"name":"(anonymous_12)","decl":{"start":{"line":160,"column":22},"end":{"line":160,"column":23}},"loc":{"start":{"line":160,"column":29},"end":{"line":160,"column":40}},"line":160},"13":{"name":"activeChanges","decl":{"start":{"line":164,"column":16},"end":{"line":164,"column":30}},"loc":{"start":{"line":164,"column":66},"end":{"line":167,"column":null}},"line":164},"14":{"name":"(anonymous_14)","decl":{"start":{"line":166,"column":24},"end":{"line":166,"column":25}},"loc":{"start":{"line":166,"column":31},"end":{"line":166,"column":47}},"line":166},"15":{"name":"(anonymous_15)","decl":{"start":{"line":166,"column":54},"end":{"line":166,"column":55}},"loc":{"start":{"line":166,"column":64},"end":{"line":166,"column":92}},"line":166},"16":{"name":"itemListJsonLd","decl":{"start":{"line":170,"column":16},"end":{"line":170,"column":31}},"loc":{"start":{"line":170,"column":60},"end":{"line":183,"column":null}},"line":170},"17":{"name":"(anonymous_17)","decl":{"start":{"line":176,"column":32},"end":{"line":176,"column":33}},"loc":{"start":{"line":176,"column":40},"end":{"line":181,"column":6}},"line":176},"18":{"name":"breadcrumbJsonLd","decl":{"start":{"line":185,"column":16},"end":{"line":185,"column":33}},"loc":{"start":{"line":185,"column":88},"end":{"line":196,"column":null}},"line":185},"19":{"name":"(anonymous_19)","decl":{"start":{"line":189,"column":31},"end":{"line":189,"column":32}},"loc":{"start":{"line":189,"column":43},"end":{"line":194,"column":6}},"line":189},"20":{"name":"yen","decl":{"start":{"line":199,"column":16},"end":{"line":199,"column":20}},"loc":{"start":{"line":199,"column":46},"end":{"line":201,"column":null}},"line":199}},"branchMap":{"0":{"loc":{"start":{"line":76,"column":17},"end":{"line":76,"column":82}},"type":"binary-expr","locations":[{"start":{"line":76,"column":17},"end":{"line":76,"column":32}},{"start":{"line":76,"column":32},"end":{"line":76,"column":56}},{"start":{"line":76,"column":56},"end":{"line":76,"column":82}}],"line":76},"1":{"loc":{"start":{"line":118,"column":4},"end":{"line":120,"column":null}},"type":"if","locations":[{"start":{"line":118,"column":4},"end":{"line":120,"column":null}},{"start":{},"end":{}}],"line":118},"2":{"loc":{"start":{"line":118,"column":8},"end":{"line":118,"column":53}},"type":"binary-expr","locations":[{"start":{"line":118,"column":8},"end":{"line":118,"column":34}},{"start":{"line":118,"column":34},"end":{"line":118,"column":53}}],"line":118},"3":{"loc":{"start":{"line":125,"column":4},"end":{"line":125,"column":null}},"type":"if","locations":[{"start":{"line":125,"column":4},"end":{"line":125,"column":null}},{"start":{},"end":{}}],"line":125},"4":{"loc":{"start":{"line":130,"column":4},"end":{"line":130,"column":null}},"type":"if","locations":[{"start":{"line":130,"column":4},"end":{"line":130,"column":null}},{"start":{},"end":{}}],"line":130},"5":{"loc":{"start":{"line":130,"column":8},"end":{"line":130,"column":44}},"type":"binary-expr","locations":[{"start":{"line":130,"column":8},"end":{"line":130,"column":22}},{"start":{"line":130,"column":22},"end":{"line":130,"column":44}}],"line":130},"6":{"loc":{"start":{"line":149,"column":2},"end":{"line":149,"column":null}},"type":"if","locations":[{"start":{"line":149,"column":2},"end":{"line":149,"column":null}},{"start":{},"end":{}}],"line":149},"7":{"loc":{"start":{"line":152,"column":20},"end":{"line":152,"column":79}},"type":"binary-expr","locations":[{"start":{"line":152,"column":20},"end":{"line":152,"column":41}},{"start":{"line":152,"column":41},"end":{"line":152,"column":79}}],"line":152},"8":{"loc":{"start":{"line":164,"column":30},"end":{"line":164,"column":66}},"type":"default-arg","locations":[{"start":{"line":164,"column":38},"end":{"line":164,"column":66}}],"line":164},"9":{"loc":{"start":{"line":200,"column":9},"end":{"line":200,"column":null}},"type":"cond-expr","locations":[{"start":{"line":200,"column":21},"end":{"line":200,"column":27}},{"start":{"line":200,"column":27},"end":{"line":200,"column":null}}],"line":200}},"s":{"0":1,"1":1,"2":1,"3":7,"4":1,"5":1,"6":1,"7":1,"8":1,"9":1,"10":1,"11":7,"12":1,"13":5,"14":0,"15":1,"16":5,"17":25,"18":5,"19":0,"20":1,"21":2,"22":0,"23":33,"24":33,"25":33,"26":5,"27":5,"28":1,"29":7,"30":5,"31":32,"32":36,"33":32,"34":5,"35":10,"36":1,"37":1,"38":2,"39":2,"40":4,"41":1,"42":1,"43":1,"44":7,"45":1,"46":1,"47":2},"f":{"0":7,"1":7,"2":25,"3":33,"4":5,"5":7,"6":32,"7":36,"8":32,"9":5,"10":10,"11":1,"12":1,"13":2,"14":4,"15":1,"16":1,"17":7,"18":1,"19":1,"20":2},"b":{"0":[7,3,3],"1":[0,5],"2":[5,4],"3":[0,5],"4":[0,2],"5":[2,0],"6":[1,4],"7":[36,5],"8":[2],"9":[1,1]},"meta":{"lastBranch":10,"lastFunction":21,"lastStatement":48,"seen":{"s:12:18:18:Infinity":0,"s:20:14:26:Infinity":1,"s:28:15:78:Infinity":2,"f:76:10:76:11":0,"s:76:17:76:82":3,"b:76:17:76:32:76:32:76:56:76:56:76:82":0,"s:80:16:98:Infinity":4,"s:100:15:107:Infinity":5,"s:109:21:109:Infinity":6,"s:110:23:110:Infinity":7,"s:111:24:111:Infinity":8,"s:112:23:112:Infinity":9,"s:116:14:116:Infinity":10,"f:116:34:116:35":1,"s:116:41:116:45":11,"s:117:2:121:Infinity":12,"b:118:4:120:Infinity:undefined:undefined:undefined:undefined":1,"s:118:4:120:Infinity":13,"b:118:8:118:34:118:34:118:53":2,"s:119:6:119:Infinity":14,"s:123:2:126:Infinity":15,"s:124:16:124:Infinity":16,"f:124:50:124:51":2,"s:124:60:124:67":17,"b:125:4:125:Infinity:undefined:undefined:undefined:undefined":3,"s:125:4:125:Infinity":18,"s:125:34:125:Infinity":19,"s:129:2:131:Infinity":20,"b:130:4:130:Infinity:undefined:undefined:undefined:undefined":4,"s:130:4:130:Infinity":21,"b:130:8:130:22:130:22:130:44":5,"s:130:44:130:Infinity":22,"f:138:16:138:31":3,"s:139:12:139:Infinity":23,"s:141:4:142:Infinity":24,"s:143:2:143:Infinity":25,"f:147:16:147:30":4,"s:148:13:148:Infinity":26,"b:149:2:149:Infinity:undefined:undefined:undefined:undefined":6,"s:149:2:149:Infinity":27,"s:149:26:149:Infinity":28,"f:149:45:149:46":5,"s:149:52:149:77":29,"s:150:2:153:Infinity":30,"f:151:9:151:10":6,"s:151:22:151:69":31,"f:152:10:152:11":7,"s:152:20:152:79":32,"b:152:20:152:41:152:41:152:79":7,"f:153:9:153:10":8,"s:153:20:153:42":33,"f:156:16:156:30":9,"s:157:2:157:Infinity":34,"f:157:23:157:24":10,"s:157:30:157:45":35,"f:159:16:159:27":11,"s:160:2:160:Infinity":36,"f:160:22:160:23":12,"s:160:29:160:40":37,"f:164:16:164:30":13,"b:164:38:164:66":8,"s:165:12:165:Infinity":38,"s:166:2:166:Infinity":39,"f:166:24:166:25":14,"s:166:31:166:47":40,"f:166:54:166:55":15,"s:166:64:166:92":41,"f:170:16:170:31":16,"s:171:17:171:Infinity":42,"s:172:2:182:Infinity":43,"f:176:32:176:33":17,"s:176:40:181:6":44,"f:185:16:185:33":18,"s:186:2:195:Infinity":45,"f:189:31:189:32":19,"s:189:43:194:6":46,"f:199:16:199:20":20,"s:200:2:200:Infinity":47,"b:200:21:200:27:200:27:200:Infinity":9},"fnNames":{}}}
,"/Users/apple/Desktop/development/active/hmc-lab/src/lib/subsidy.ts": {"path":"/Users/apple/Desktop/development/active/hmc-lab/src/lib/subsidy.ts","statementMap":{"0":{"start":{"line":8,"column":59},"end":{"line":12,"column":null}},"1":{"start":{"line":14,"column":58},"end":{"line":18,"column":null}},"2":{"start":{"line":19,"column":64},"end":{"line":23,"column":null}},"3":{"start":{"line":35,"column":2},"end":{"line":35,"column":null}},"4":{"start":{"line":35,"column":41},"end":{"line":35,"column":null}},"5":{"start":{"line":36,"column":15},"end":{"line":36,"column":null}},"6":{"start":{"line":37,"column":14},"end":{"line":37,"column":null}},"7":{"start":{"line":38,"column":19},"end":{"line":38,"column":null}},"8":{"start":{"line":39,"column":18},"end":{"line":39,"column":null}},"9":{"start":{"line":40,"column":2},"end":{"line":40,"column":null}},"10":{"start":{"line":45,"column":2},"end":{"line":45,"column":null}}},"fnMap":{"0":{"name":"simulate","decl":{"start":{"line":34,"column":16},"end":{"line":34,"column":25}},"loc":{"start":{"line":34,"column":76},"end":{"line":41,"column":null}},"line":34}},"branchMap":{"0":{"loc":{"start":{"line":35,"column":2},"end":{"line":35,"column":null}},"type":"if","locations":[{"start":{"line":35,"column":2},"end":{"line":35,"column":null}},{"start":{},"end":{}}],"line":35},"1":{"loc":{"start":{"line":35,"column":6},"end":{"line":35,"column":41}},"type":"binary-expr","locations":[{"start":{"line":35,"column":6},"end":{"line":35,"column":31}},{"start":{"line":35,"column":31},"end":{"line":35,"column":41}}],"line":35},"2":{"loc":{"start":{"line":39,"column":18},"end":{"line":39,"column":null}},"type":"cond-expr","locations":[{"start":{"line":39,"column":32},"end":{"line":39,"column":58}},{"start":{"line":39,"column":58},"end":{"line":39,"column":null}}],"line":39},"3":{"loc":{"start":{"line":40,"column":67},"end":{"line":40,"column":97}},"type":"binary-expr","locations":[{"start":{"line":40,"column":67},"end":{"line":40,"column":82}},{"start":{"line":40,"column":82},"end":{"line":40,"column":97}}],"line":40}},"s":{"0":1,"1":1,"2":1,"3":5,"4":2,"5":3,"6":3,"7":3,"8":3,"9":5,"10":1},"f":{"0":5},"b":{"0":[2,3],"1":[5,4],"2":[2,1],"3":[5,2]},"meta":{"lastBranch":4,"lastFunction":1,"lastStatement":11,"seen":{"s:8:59:12:Infinity":0,"s:14:58:18:Infinity":1,"s:19:64:23:Infinity":2,"f:34:16:34:25":0,"b:35:2:35:Infinity:undefined:undefined:undefined:undefined":0,"s:35:2:35:Infinity":3,"b:35:6:35:31:35:31:35:41":1,"s:35:41:35:Infinity":4,"s:36:15:36:Infinity":5,"s:37:14:37:Infinity":6,"s:38:19:38:Infinity":7,"s:39:18:39:Infinity":8,"b:39:32:39:58:39:58:39:Infinity":2,"s:40:2:40:Infinity":9,"b:40:67:40:82:40:82:40:97":3,"s:45:2:45:Infinity":10},"fnNames":{}}}
}
