{"/Users/apple/Desktop/development/active/hmc-lab/src/lib/schools.ts": {"path":"/Users/apple/Desktop/development/active/hmc-lab/src/lib/schools.ts","statementMap":{"0":{"start":{"line":12,"column":18},"end":{"line":18,"column":null}},"1":{"start":{"line":20,"column":14},"end":{"line":26,"column":null}},"2":{"start":{"line":28,"column":15},"end":{"line":72,"column":null}},"3":{"start":{"line":74,"column":16},"end":{"line":92,"column":null}},"4":{"start":{"line":94,"column":15},"end":{"line":101,"column":null}},"5":{"start":{"line":103,"column":21},"end":{"line":103,"column":null}},"6":{"start":{"line":104,"column":23},"end":{"line":104,"column":null}},"7":{"start":{"line":105,"column":24},"end":{"line":105,"column":null}},"8":{"start":{"line":106,"column":23},"end":{"line":106,"column":null}},"9":{"start":{"line":110,"column":14},"end":{"line":110,"column":null}},"10":{"start":{"line":110,"column":41},"end":{"line":110,"column":45}},"11":{"start":{"line":111,"column":2},"end":{"line":115,"column":null}},"12":{"start":{"line":112,"column":4},"end":{"line":114,"column":null}},"13":{"start":{"line":113,"column":6},"end":{"line":113,"column":null}},"14":{"start":{"line":117,"column":2},"end":{"line":120,"column":null}},"15":{"start":{"line":118,"column":16},"end":{"line":118,"column":null}},"16":{"start":{"line":118,"column":60},"end":{"line":118,"column":67}},"17":{"start":{"line":119,"column":4},"end":{"line":119,"column":null}},"18":{"start":{"line":119,"column":34},"end":{"line":119,"column":null}},"19":{"start":{"line":123,"column":2},"end":{"line":125,"column":null}},"20":{"start":{"line":124,"column":4},"end":{"line":124,"column":null}},"21":{"start":{"line":124,"column":44},"end":{"line":124,"column":null}},"22":{"start":{"line":133,"column":12},"end":{"line":133,"column":null}},"23":{"start":{"line":135,"column":4},"end":{"line":136,"column":null}},"24":{"start":{"line":137,"column":2},"end":{"line":137,"column":null}},"25":{"start":{"line":142,"column":13},"end":{"line":142,"column":null}},"26":{"start":{"line":143,"column":2},"end":{"line":143,"column":null}},"27":{"start":{"line":143,"column":26},"end":{"line":143,"column":null}},"28":{"start":{"line":143,"column":52},"end":{"line":143,"column":77}},"29":{"start":{"line":144,"column":2},"end":{"line":147,"column":null}},"30":{"start":{"line":145,"column":22},"end":{"line":145,"column":69}},"31":{"start":{"line":146,"column":20},"end":{"line":146,"column":79}},"32":{"start":{"line":147,"column":20},"end":{"line":147,"column":42}},"33":{"start":{"line":151,"column":2},"end":{"line":151,"column":null}},"34":{"start":{"line":151,"column":30},"end":{"line":151,"column":45}},"35":{"start":{"line":154,"column":2},"end":{"line":154,"column":null}},"36":{"start":{"line":154,"column":29},"end":{"line":154,"column":40}},"37":{"start":{"line":159,"column":12},"end":{"line":159,"column":null}},"38":{"start":{"line":160,"column":2},"end":{"line":160,"column":null}},"39":{"start":{"line":160,"column":31},"end":{"line":160,"column":47}},"40":{"start":{"line":160,"column":64},"end":{"line":160,"column":92}},"41":{"start":{"line":165,"column":17},"end":{"line":165,"column":null}},"42":{"start":{"line":166,"column":2},"end":{"line":176,"column":null}},"43":{"start":{"line":170,"column":40},"end":{"line":175,"column":6}},"44":{"start":{"line":180,"column":2},"end":{"line":189,"column":null}},"45":{"start":{"line":183,"column":43},"end":{"line":188,"column":6}},"46":{"start":{"line":194,"column":2},"end":{"line":194,"column":null}}},"fnMap":{"0":{"name":"(anonymous_0)","decl":{"start":{"line":110,"column":34},"end":{"line":110,"column":35}},"loc":{"start":{"line":110,"column":41},"end":{"line":110,"column":45}},"line":110},"1":{"name":"(anonymous_1)","decl":{"start":{"line":118,"column":50},"end":{"line":118,"column":51}},"loc":{"start":{"line":118,"column":60},"end":{"line":118,"column":67}},"line":118},"2":{"name":"editorialScore","decl":{"start":{"line":132,"column":16},"end":{"line":132,"column":31}},"loc":{"start":{"line":132,"column":66},"end":{"line":138,"column":null}},"line":132},"3":{"name":"rankedSchools","decl":{"start":{"line":141,"column":16},"end":{"line":141,"column":30}},"loc":{"start":{"line":141,"column":97},"end":{"line":148,"column":null}},"line":141},"4":{"name":"(anonymous_4)","decl":{"start":{"line":143,"column":45},"end":{"line":143,"column":46}},"loc":{"start":{"line":143,"column":52},"end":{"line":143,"column":77}},"line":143},"5":{"name":"(anonymous_5)","decl":{"start":{"line":145,"column":9},"end":{"line":145,"column":10}},"loc":{"start":{"line":145,"column":22},"end":{"line":145,"column":69}},"line":145},"6":{"name":"(anonymous_6)","decl":{"start":{"line":146,"column":10},"end":{"line":146,"column":11}},"loc":{"start":{"line":146,"column":20},"end":{"line":146,"column":79}},"line":146},"7":{"name":"(anonymous_7)","decl":{"start":{"line":147,"column":9},"end":{"line":147,"column":10}},"loc":{"start":{"line":147,"column":20},"end":{"line":147,"column":42}},"line":147},"8":{"name":"segmentBySlug","decl":{"start":{"line":150,"column":16},"end":{"line":150,"column":30}},"loc":{"start":{"line":150,"column":66},"end":{"line":152,"column":null}},"line":150},"9":{"name":"(anonymous_9)","decl":{"start":{"line":151,"column":23},"end":{"line":151,"column":24}},"loc":{"start":{"line":151,"column":30},"end":{"line":151,"column":45}},"line":151},"10":{"name":"schoolById","decl":{"start":{"line":153,"column":16},"end":{"line":153,"column":27}},"loc":{"start":{"line":153,"column":60},"end":{"line":155,"column":null}},"line":153},"11":{"name":"(anonymous_11)","decl":{"start":{"line":154,"column":22},"end":{"line":154,"column":23}},"loc":{"start":{"line":154,"column":29},"end":{"line":154,"column":40}},"line":154},"12":{"name":"activeChanges","decl":{"start":{"line":158,"column":16},"end":{"line":158,"column":30}},"loc":{"start":{"line":158,"column":66},"end":{"line":161,"column":null}},"line":158},"13":{"name":"(anonymous_13)","decl":{"start":{"line":160,"column":24},"end":{"line":160,"column":25}},"loc":{"start":{"line":160,"column":31},"end":{"line":160,"column":47}},"line":160},"14":{"name":"(anonymous_14)","decl":{"start":{"line":160,"column":54},"end":{"line":160,"column":55}},"loc":{"start":{"line":160,"column":64},"end":{"line":160,"column":92}},"line":160},"15":{"name":"itemListJsonLd","decl":{"start":{"line":164,"column":16},"end":{"line":164,"column":31}},"loc":{"start":{"line":164,"column":60},"end":{"line":177,"column":null}},"line":164},"16":{"name":"(anonymous_16)","decl":{"start":{"line":170,"column":32},"end":{"line":170,"column":33}},"loc":{"start":{"line":170,"column":40},"end":{"line":175,"column":6}},"line":170},"17":{"name":"breadcrumbJsonLd","decl":{"start":{"line":179,"column":16},"end":{"line":179,"column":33}},"loc":{"start":{"line":179,"column":88},"end":{"line":190,"column":null}},"line":179},"18":{"name":"(anonymous_18)","decl":{"start":{"line":183,"column":31},"end":{"line":183,"column":32}},"loc":{"start":{"line":183,"column":43},"end":{"line":188,"column":6}},"line":183},"19":{"name":"yen","decl":{"start":{"line":193,"column":16},"end":{"line":193,"column":20}},"loc":{"start":{"line":193,"column":46},"end":{"line":195,"column":null}},"line":193}},"branchMap":{"0":{"loc":{"start":{"line":112,"column":4},"end":{"line":114,"column":null}},"type":"if","locations":[{"start":{"line":112,"column":4},"end":{"line":114,"column":null}},{"start":{},"end":{}}],"line":112},"1":{"loc":{"start":{"line":112,"column":8},"end":{"line":112,"column":53}},"type":"binary-expr","locations":[{"start":{"line":112,"column":8},"end":{"line":112,"column":34}},{"start":{"line":112,"column":34},"end":{"line":112,"column":53}}],"line":112},"2":{"loc":{"start":{"line":119,"column":4},"end":{"line":119,"column":null}},"type":"if","locations":[{"start":{"line":119,"column":4},"end":{"line":119,"column":null}},{"start":{},"end":{}}],"line":119},"3":{"loc":{"start":{"line":124,"column":4},"end":{"line":124,"column":null}},"type":"if","locations":[{"start":{"line":124,"column":4},"end":{"line":124,"column":null}},{"start":{},"end":{}}],"line":124},"4":{"loc":{"start":{"line":124,"column":8},"end":{"line":124,"column":44}},"type":"binary-expr","locations":[{"start":{"line":124,"column":8},"end":{"line":124,"column":22}},{"start":{"line":124,"column":22},"end":{"line":124,"column":44}}],"line":124},"5":{"loc":{"start":{"line":143,"column":2},"end":{"line":143,"column":null}},"type":"if","locations":[{"start":{"line":143,"column":2},"end":{"line":143,"column":null}},{"start":{},"end":{}}],"line":143},"6":{"loc":{"start":{"line":146,"column":20},"end":{"line":146,"column":79}},"type":"binary-expr","locations":[{"start":{"line":146,"column":20},"end":{"line":146,"column":41}},{"start":{"line":146,"column":41},"end":{"line":146,"column":79}}],"line":146},"7":{"loc":{"start":{"line":158,"column":30},"end":{"line":158,"column":66}},"type":"default-arg","locations":[{"start":{"line":158,"column":38},"end":{"line":158,"column":66}}],"line":158},"8":{"loc":{"start":{"line":194,"column":9},"end":{"line":194,"column":null}},"type":"cond-expr","locations":[{"start":{"line":194,"column":21},"end":{"line":194,"column":27}},{"start":{"line":194,"column":27},"end":{"line":194,"column":null}}],"line":194}},"s":{"0":1,"1":1,"2":1,"3":1,"4":1,"5":1,"6":1,"7":1,"8":1,"9":1,"10":7,"11":1,"12":5,"13":0,"14":1,"15":5,"16":25,"17":5,"18":0,"19":1,"20":2,"21":0,"22":33,"23":33,"24":33,"25":5,"26":5,"27":1,"28":7,"29":5,"30":32,"31":36,"32":32,"33":5,"34":10,"35":1,"36":1,"37":2,"38":2,"39":4,"40":1,"41":1,"42":1,"43":7,"44":1,"45":1,"46":2},"f":{"0":7,"1":25,"2":33,"3":5,"4":7,"5":32,"6":36,"7":32,"8":5,"9":10,"10":1,"11":1,"12":2,"13":4,"14":1,"15":1,"16":7,"17":1,"18":1,"19":2},"b":{"0":[0,5],"1":[5,4],"2":[0,5],"3":[0,2],"4":[2,0],"5":[1,4],"6":[36,5],"7":[2],"8":[1,1]},"meta":{"lastBranch":9,"lastFunction":20,"lastStatement":47,"seen":{"s:12:18:18:Infinity":0,"s:20:14:26:Infinity":1,"s:28:15:72:Infinity":2,"s:74:16:92:Infinity":3,"s:94:15:101:Infinity":4,"s:103:21:103:Infinity":5,"s:104:23:104:Infinity":6,"s:105:24:105:Infinity":7,"s:106:23:106:Infinity":8,"s:110:14:110:Infinity":9,"f:110:34:110:35":0,"s:110:41:110:45":10,"s:111:2:115:Infinity":11,"b:112:4:114:Infinity:undefined:undefined:undefined:undefined":0,"s:112:4:114:Infinity":12,"b:112:8:112:34:112:34:112:53":1,"s:113:6:113:Infinity":13,"s:117:2:120:Infinity":14,"s:118:16:118:Infinity":15,"f:118:50:118:51":1,"s:118:60:118:67":16,"b:119:4:119:Infinity:undefined:undefined:undefined:undefined":2,"s:119:4:119:Infinity":17,"s:119:34:119:Infinity":18,"s:123:2:125:Infinity":19,"b:124:4:124:Infinity:undefined:undefined:undefined:undefined":3,"s:124:4:124:Infinity":20,"b:124:8:124:22:124:22:124:44":4,"s:124:44:124:Infinity":21,"f:132:16:132:31":2,"s:133:12:133:Infinity":22,"s:135:4:136:Infinity":23,"s:137:2:137:Infinity":24,"f:141:16:141:30":3,"s:142:13:142:Infinity":25,"b:143:2:143:Infinity:undefined:undefined:undefined:undefined":5,"s:143:2:143:Infinity":26,"s:143:26:143:Infinity":27,"f:143:45:143:46":4,"s:143:52:143:77":28,"s:144:2:147:Infinity":29,"f:145:9:145:10":5,"s:145:22:145:69":30,"f:146:10:146:11":6,"s:146:20:146:79":31,"b:146:20:146:41:146:41:146:79":6,"f:147:9:147:10":7,"s:147:20:147:42":32,"f:150:16:150:30":8,"s:151:2:151:Infinity":33,"f:151:23:151:24":9,"s:151:30:151:45":34,"f:153:16:153:27":10,"s:154:2:154:Infinity":35,"f:154:22:154:23":11,"s:154:29:154:40":36,"f:158:16:158:30":12,"b:158:38:158:66":7,"s:159:12:159:Infinity":37,"s:160:2:160:Infinity":38,"f:160:24:160:25":13,"s:160:31:160:47":39,"f:160:54:160:55":14,"s:160:64:160:92":40,"f:164:16:164:31":15,"s:165:17:165:Infinity":41,"s:166:2:176:Infinity":42,"f:170:32:170:33":16,"s:170:40:175:6":43,"f:179:16:179:33":17,"s:180:2:189:Infinity":44,"f:183:31:183:32":18,"s:183:43:188:6":45,"f:193:16:193:20":19,"s:194:2:194:Infinity":46,"b:194:21:194:27:194:27:194:Infinity":8},"fnNames":{}}}
,"/Users/apple/Desktop/development/active/hmc-lab/src/lib/subsidy.ts": {"path":"/Users/apple/Desktop/development/active/hmc-lab/src/lib/subsidy.ts","statementMap":{"0":{"start":{"line":8,"column":59},"end":{"line":12,"column":null}},"1":{"start":{"line":14,"column":51},"end":{"line":18,"column":null}},"2":{"start":{"line":19,"column":57},"end":{"line":23,"column":null}},"3":{"start":{"line":35,"column":2},"end":{"line":35,"column":null}},"4":{"start":{"line":35,"column":41},"end":{"line":35,"column":null}},"5":{"start":{"line":36,"column":15},"end":{"line":36,"column":null}},"6":{"start":{"line":37,"column":14},"end":{"line":37,"column":null}},"7":{"start":{"line":38,"column":19},"end":{"line":38,"column":null}},"8":{"start":{"line":39,"column":18},"end":{"line":39,"column":null}},"9":{"start":{"line":40,"column":2},"end":{"line":40,"column":null}},"10":{"start":{"line":45,"column":2},"end":{"line":45,"column":null}}},"fnMap":{"0":{"name":"simulate","decl":{"start":{"line":34,"column":16},"end":{"line":34,"column":25}},"loc":{"start":{"line":34,"column":76},"end":{"line":41,"column":null}},"line":34}},"branchMap":{"0":{"loc":{"start":{"line":35,"column":2},"end":{"line":35,"column":null}},"type":"if","locations":[{"start":{"line":35,"column":2},"end":{"line":35,"column":null}},{"start":{},"end":{}}],"line":35},"1":{"loc":{"start":{"line":35,"column":6},"end":{"line":35,"column":41}},"type":"binary-expr","locations":[{"start":{"line":35,"column":6},"end":{"line":35,"column":31}},{"start":{"line":35,"column":31},"end":{"line":35,"column":41}}],"line":35},"2":{"loc":{"start":{"line":39,"column":18},"end":{"line":39,"column":null}},"type":"cond-expr","locations":[{"start":{"line":39,"column":32},"end":{"line":39,"column":58}},{"start":{"line":39,"column":58},"end":{"line":39,"column":null}}],"line":39},"3":{"loc":{"start":{"line":40,"column":67},"end":{"line":40,"column":97}},"type":"binary-expr","locations":[{"start":{"line":40,"column":67},"end":{"line":40,"column":82}},{"start":{"line":40,"column":82},"end":{"line":40,"column":97}}],"line":40}},"s":{"0":1,"1":1,"2":1,"3":5,"4":2,"5":3,"6":3,"7":3,"8":3,"9":5,"10":1},"f":{"0":5},"b":{"0":[2,3],"1":[5,4],"2":[2,1],"3":[5,2]},"meta":{"lastBranch":4,"lastFunction":1,"lastStatement":11,"seen":{"s:8:59:12:Infinity":0,"s:14:51:18:Infinity":1,"s:19:57:23:Infinity":2,"f:34:16:34:25":0,"b:35:2:35:Infinity:undefined:undefined:undefined:undefined":0,"s:35:2:35:Infinity":3,"b:35:6:35:31:35:31:35:41":1,"s:35:41:35:Infinity":4,"s:36:15:36:Infinity":5,"s:37:14:37:Infinity":6,"s:38:19:38:Infinity":7,"s:39:18:39:Infinity":8,"b:39:32:39:58:39:58:39:Infinity":2,"s:40:2:40:Infinity":9,"b:40:67:40:82:40:82:40:97":3,"s:45:2:45:Infinity":10},"fnNames":{}}}
}
